<?xml version="1.0" encoding="UTF-8"?>
<testsuite xmlns:xsi="http://www.w3.org/2001/XMLSchema-instance" xsi:noNamespaceSchemaLocation="https://maven.apache.org/surefire/maven-surefire-plugin/xsd/surefire-test-report-3.0.xsd" version="3.0" name="tn.esprit.tpfoyer17.UniversiteServiceTest" time="14.737" tests="6" errors="0" skipped="0" failures="0">
  <properties>
[...]
</properties>
  <testcase name="testUpdateUniversity" classname="tn.esprit.tpfoyer17.UniversiteServiceTest" time="0.394">
    <system-out><![CDATA[2024-11-12 12:54:38 INFO  AnnotationConfigContextLoaderUtils:83 - Could not detect default configuration classes for test class [tn.esprit.tpfoyer17.UniversiteServiceTest]: UniversiteServiceTest does not declare any static, non-private, non-final, nested classes annotated with @Configuration.
2024-11-12 12:54:38 INFO  SpringBootTestContextBootstrapper:248 - Found @SpringBootConfiguration tn.esprit.tpfoyer17.TpFoyer17Application for test class tn.esprit.tpfoyer17.UniversiteServiceTest

  .   ____          _            __ _ _
 /\\ / ___'_ __ _ _(_)_ __  __ _ \ \ \ \
( ( )\___ | '_ | '_| | '_ \/ _` | \ \ \ \
 \\/  ___)| |_)| | | | | || (_| |  ) ) ) )
  '  |____| .__|_| |_|_| |_\__, | / / / /
 =========|_|==============|___/=/_/_/_/
 :: Spring Boot ::                (v3.1.3)

2024-11-12 12:54:39 INFO  UniversiteServiceTest:51 - Starting UniversiteServiceTest using Java 17.0.12 with PID 13808 (started by USER in C:\Users\USER\DEVOPS)
2024-11-12 12:54:39 INFO  UniversiteServiceTest:640 - The following 1 profile is active: "test"
2024-11-12 12:54:42 INFO  RepositoryConfigurationDelegate:138 - Bootstrapping Spring Data JPA repositories in DEFAULT mode.
2024-11-12 12:54:42 INFO  RepositoryConfigurationDelegate:208 - Finished Spring Data repository scanning in 224 ms. Found 6 JPA repository interfaces.
2024-11-12 12:54:44 INFO  LogHelper:31 - HHH000204: Processing PersistenceUnitInfo [name: default]
2024-11-12 12:54:44 INFO  Version:44 - HHH000412: Hibernate ORM core version 6.2.7.Final
2024-11-12 12:54:44 INFO  Environment:191 - HHH000406: Using bytecode reflection optimizer
2024-11-12 12:54:44 INFO  BytecodeProviderInitiator:53 - HHH000021: Bytecode provider name : bytebuddy
2024-11-12 12:54:44 INFO  SpringPersistenceUnitInfo:87 - No LoadTimeWeaver setup: ignoring JPA class transformer
2024-11-12 12:54:45 INFO  HikariDataSource:110 - HikariPool-1 - Starting...
2024-11-12 12:54:45 INFO  HikariPool:565 - HikariPool-1 - Added connection conn0: url=jdbc:h2:mem:testdb user=SA
2024-11-12 12:54:45 INFO  HikariDataSource:123 - HikariPool-1 - Start completed.
2024-11-12 12:54:46 INFO  BytecodeProviderInitiator:53 - HHH000021: Bytecode provider name : bytebuddy
2024-11-12 12:54:47 INFO  JtaPlatformInitiator:51 - HHH000490: Using JtaPlatform implementation: [org.hibernate.engine.transaction.jta.platform.internal.NoJtaPlatform]
Hibernate: drop table if exists bloc cascade 
Hibernate: drop table if exists chambre cascade 
Hibernate: drop table if exists chambre_reservations cascade 
Hibernate: drop table if exists etudiant cascade 
Hibernate: drop table if exists foyer cascade 
Hibernate: drop table if exists reservation cascade 
Hibernate: drop table if exists reservation_etudiants cascade 
Hibernate: drop table if exists universite cascade 
Hibernate: create table bloc (capacite_bloc bigint not null, foyer_id_foyer bigint, id_bloc bigint generated by default as identity, nom_bloc varchar(255), primary key (id_bloc))
Hibernate: create table chambre (bloc_id_bloc bigint, id_chambre bigint generated by default as identity, numero_chambre bigint not null, type_chambre varchar(255) check (type_chambre in ('SIMPLE','DOUBLE','TRIPLE')), primary key (id_chambre))
Hibernate: create table chambre_reservations (chambre_id_chambre bigint not null, reservations_id_reservation varchar(255) not null unique, primary key (chambre_id_chambre, reservations_id_reservation))
Hibernate: create table etudiant (cin_etudiant bigint not null, date_naissance timestamp(6), id_etudiant bigint generated by default as identity, nom_etudiant varchar(255), prenom_etudiant varchar(255), primary key (id_etudiant))
Hibernate: create table foyer (capacite_foyer bigint not null, id_foyer bigint generated by default as identity, nom_foyer varchar(255), primary key (id_foyer))
Hibernate: create table reservation (annee_universitaire date, est_valide boolean not null, id_reservation varchar(255) not null, primary key (id_reservation))
Hibernate: create table reservation_etudiants (etudiants_id_etudiant bigint not null, reservations_id_reservation varchar(255) not null, primary key (etudiants_id_etudiant, reservations_id_reservation))
Hibernate: create table universite (capacite_maximale integer not null, foyer_id_foyer bigint unique, id_universite bigint generated by default as identity, adresse varchar(255), nom_universite varchar(255), primary key (id_universite))
Hibernate: alter table if exists bloc add constraint FKrlx3b5jtde0ftmmrcqbifn0pt foreign key (foyer_id_foyer) references foyer
Hibernate: alter table if exists chambre add constraint FKe3jmwbj3ohvcd61fqhgivoe9j foreign key (bloc_id_bloc) references bloc
Hibernate: alter table if exists chambre_reservations add constraint FKhx2j8u5cpdmo8pptjvnsjqwma foreign key (reservations_id_reservation) references reservation
Hibernate: alter table if exists chambre_reservations add constraint FKqy33yndadmosa4l31qk6v3vm2 foreign key (chambre_id_chambre) references chambre
Hibernate: alter table if exists reservation_etudiants add constraint FK53dc9htdv7ne29h80i08urcqv foreign key (etudiants_id_etudiant) references etudiant
Hibernate: alter table if exists reservation_etudiants add constraint FKr9q9iw0kkhggmvjpnlv00h385 foreign key (reservations_id_reservation) references reservation
Hibernate: alter table if exists universite add constraint FK2b4r95emuv9ea1064hjqxpqq foreign key (foyer_id_foyer) references foyer
2024-11-12 12:54:47 INFO  LocalContainerEntityManagerFactoryBean:437 - Initialized JPA EntityManagerFactory for persistence unit 'default'
2024-11-12 12:54:48 INFO  QueryEnhancerFactory:47 - Hibernate is in classpath; If applicable, HQL parser will be used.
2024-11-12 12:54:50 WARN  JpaBaseConfiguration$JpaWebConfiguration:231 - spring.jpa.open-in-view is enabled by default. Therefore, database queries may be performed during view rendering. Explicitly configure spring.jpa.open-in-view to disable this warning
2024-11-12 12:54:51 INFO  H2ConsoleAutoConfiguration:88 - H2 console available at '/h2-console'. Database available at 'jdbc:h2:mem:testdb'
2024-11-12 12:54:52 INFO  UniversiteServiceTest:57 - Started UniversiteServiceTest in 12.903 seconds (process running for 19.673)
Hibernate: select u1_0.id_universite,u1_0.adresse,u1_0.capacite_maximale,u1_0.foyer_id_foyer,u1_0.nom_universite from universite u1_0
2024-11-12 12:54:52 INFO  UniversiteService:33 - Adding a new university: Université C
Hibernate: insert into universite (adresse,capacite_maximale,foyer_id_foyer,nom_universite,id_universite) values (?,?,?,?,default)
2024-11-12 12:54:52 INFO  UniversiteService:39 - Updating university with ID: 1
Hibernate: select u1_0.id_universite,u1_0.adresse,u1_0.capacite_maximale,f1_0.id_foyer,b1_0.foyer_id_foyer,b1_0.id_bloc,b1_0.capacite_bloc,b1_0.nom_bloc,f1_0.capacite_foyer,f1_0.nom_foyer,u1_0.nom_universite from universite u1_0 left join foyer f1_0 on f1_0.id_foyer=u1_0.foyer_id_foyer left join bloc b1_0 on f1_0.id_foyer=b1_0.foyer_id_foyer where u1_0.id_universite=?
Hibernate: update universite set adresse=?,capacite_maximale=?,foyer_id_foyer=?,nom_universite=? where id_universite=?
Hibernate: select u1_0.id_universite,u1_0.adresse,u1_0.capacite_maximale,f1_0.id_foyer,f1_0.capacite_foyer,f1_0.nom_foyer,u1_0.nom_universite from universite u1_0 left join foyer f1_0 on f1_0.id_foyer=u1_0.foyer_id_foyer where u1_0.id_universite=?
]]></system-out>
  </testcase>
  <testcase name="testRetrieveUniversity" classname="tn.esprit.tpfoyer17.UniversiteServiceTest" time="0.033">
    <system-out><![CDATA[Hibernate: select u1_0.id_universite,u1_0.adresse,u1_0.capacite_maximale,u1_0.foyer_id_foyer,u1_0.nom_universite from universite u1_0
Hibernate: delete from universite where id_universite=?
2024-11-12 12:54:52 INFO  UniversiteService:33 - Adding a new university: Université D
Hibernate: insert into universite (adresse,capacite_maximale,foyer_id_foyer,nom_universite,id_universite) values (?,?,?,?,default)
Hibernate: select u1_0.id_universite,u1_0.adresse,u1_0.capacite_maximale,f1_0.id_foyer,f1_0.capacite_foyer,f1_0.nom_foyer,u1_0.nom_universite from universite u1_0 left join foyer f1_0 on f1_0.id_foyer=u1_0.foyer_id_foyer where u1_0.id_universite=?
Hibernate: select u1_0.id_universite,u1_0.adresse,u1_0.capacite_maximale,f1_0.id_foyer,f1_0.capacite_foyer,f1_0.nom_foyer,u1_0.nom_universite from universite u1_0 left join foyer f1_0 on f1_0.id_foyer=u1_0.foyer_id_foyer where u1_0.id_universite=?
]]></system-out>
  </testcase>
  <testcase name="testDesaffecterFoyerAUniversite" classname="tn.esprit.tpfoyer17.UniversiteServiceTest" time="0.191">
    <system-out><![CDATA[Hibernate: select u1_0.id_universite,u1_0.adresse,u1_0.capacite_maximale,u1_0.foyer_id_foyer,u1_0.nom_universite from universite u1_0
Hibernate: delete from universite where id_universite=?
2024-11-12 12:54:52 INFO  UniversiteService:33 - Adding a new university: Université E
Hibernate: insert into universite (adresse,capacite_maximale,foyer_id_foyer,nom_universite,id_universite) values (?,?,?,?,default)
Hibernate: insert into foyer (capacite_foyer,nom_foyer,id_foyer) values (?,?,default)
Hibernate: select f1_0.id_foyer,f1_0.capacite_foyer,f1_0.nom_foyer,u1_0.id_universite,u1_0.adresse,u1_0.capacite_maximale,u1_0.nom_universite from foyer f1_0 left join universite u1_0 on f1_0.id_foyer=u1_0.foyer_id_foyer where f1_0.id_foyer=?
Hibernate: select u1_0.id_universite,u1_0.adresse,u1_0.capacite_maximale,u1_0.foyer_id_foyer,u1_0.nom_universite from universite u1_0 where u1_0.nom_universite like ? escape '\'
Hibernate: select u1_0.id_universite,u1_0.adresse,u1_0.capacite_maximale,f1_0.id_foyer,b1_0.foyer_id_foyer,b1_0.id_bloc,b1_0.capacite_bloc,b1_0.nom_bloc,f1_0.capacite_foyer,f1_0.nom_foyer,u1_0.nom_universite from universite u1_0 left join foyer f1_0 on f1_0.id_foyer=u1_0.foyer_id_foyer left join bloc b1_0 on f1_0.id_foyer=b1_0.foyer_id_foyer where u1_0.id_universite=?
Hibernate: select f1_0.id_foyer,f1_0.capacite_foyer,f1_0.nom_foyer,u1_0.id_universite,u1_0.adresse,u1_0.capacite_maximale,u1_0.nom_universite from foyer f1_0 left join universite u1_0 on f1_0.id_foyer=u1_0.foyer_id_foyer where f1_0.id_foyer=?
Hibernate: update universite set adresse=?,capacite_maximale=?,foyer_id_foyer=?,nom_universite=? where id_universite=?
Hibernate: select u1_0.id_universite,u1_0.adresse,u1_0.capacite_maximale,f1_0.id_foyer,f1_0.capacite_foyer,f1_0.nom_foyer,u1_0.nom_universite from universite u1_0 left join foyer f1_0 on f1_0.id_foyer=u1_0.foyer_id_foyer where u1_0.id_universite=?
Hibernate: select u1_0.id_universite,u1_0.adresse,u1_0.capacite_maximale,f1_0.id_foyer,f1_0.capacite_foyer,f1_0.nom_foyer,u1_0.nom_universite from universite u1_0 left join foyer f1_0 on f1_0.id_foyer=u1_0.foyer_id_foyer where u1_0.id_universite=?
Hibernate: select u1_0.id_universite,u1_0.adresse,u1_0.capacite_maximale,f1_0.id_foyer,b1_0.foyer_id_foyer,b1_0.id_bloc,b1_0.capacite_bloc,b1_0.nom_bloc,f1_0.capacite_foyer,f1_0.nom_foyer,u1_0.nom_universite from universite u1_0 left join foyer f1_0 on f1_0.id_foyer=u1_0.foyer_id_foyer left join bloc b1_0 on f1_0.id_foyer=b1_0.foyer_id_foyer where u1_0.id_universite=?
Hibernate: update universite set adresse=?,capacite_maximale=?,foyer_id_foyer=?,nom_universite=? where id_universite=?
2024-11-12 12:54:52 INFO  UniversiteService:39 - Updating university with ID: 3
Hibernate: select u1_0.id_universite,u1_0.adresse,u1_0.capacite_maximale,f1_0.id_foyer,b1_0.foyer_id_foyer,b1_0.id_bloc,b1_0.capacite_bloc,b1_0.nom_bloc,f1_0.capacite_foyer,f1_0.nom_foyer,u1_0.nom_universite from universite u1_0 left join foyer f1_0 on f1_0.id_foyer=u1_0.foyer_id_foyer left join bloc b1_0 on f1_0.id_foyer=b1_0.foyer_id_foyer where u1_0.id_universite=?
]]></system-out>
  </testcase>
  <testcase name="testAffecterFoyerAUniversite" classname="tn.esprit.tpfoyer17.UniversiteServiceTest" time="0.036">
    <system-out><![CDATA[Hibernate: select u1_0.id_universite,u1_0.adresse,u1_0.capacite_maximale,u1_0.foyer_id_foyer,u1_0.nom_universite from universite u1_0
Hibernate: delete from universite where id_universite=?
Hibernate: insert into foyer (capacite_foyer,nom_foyer,id_foyer) values (?,?,default)
2024-11-12 12:54:52 INFO  UniversiteService:33 - Adding a new university: Université Foyer Test
Hibernate: insert into universite (adresse,capacite_maximale,foyer_id_foyer,nom_universite,id_universite) values (?,?,?,?,default)
Hibernate: select f1_0.id_foyer,f1_0.capacite_foyer,f1_0.nom_foyer,u1_0.id_universite,u1_0.adresse,u1_0.capacite_maximale,u1_0.nom_universite from foyer f1_0 left join universite u1_0 on f1_0.id_foyer=u1_0.foyer_id_foyer where f1_0.id_foyer=?
Hibernate: select u1_0.id_universite,u1_0.adresse,u1_0.capacite_maximale,u1_0.foyer_id_foyer,u1_0.nom_universite from universite u1_0 where u1_0.nom_universite like ? escape '\'
Hibernate: select u1_0.id_universite,u1_0.adresse,u1_0.capacite_maximale,f1_0.id_foyer,b1_0.foyer_id_foyer,b1_0.id_bloc,b1_0.capacite_bloc,b1_0.nom_bloc,f1_0.capacite_foyer,f1_0.nom_foyer,u1_0.nom_universite from universite u1_0 left join foyer f1_0 on f1_0.id_foyer=u1_0.foyer_id_foyer left join bloc b1_0 on f1_0.id_foyer=b1_0.foyer_id_foyer where u1_0.id_universite=?
Hibernate: select f1_0.id_foyer,f1_0.capacite_foyer,f1_0.nom_foyer,u1_0.id_universite,u1_0.adresse,u1_0.capacite_maximale,u1_0.nom_universite from foyer f1_0 left join universite u1_0 on f1_0.id_foyer=u1_0.foyer_id_foyer where f1_0.id_foyer=?
Hibernate: update universite set adresse=?,capacite_maximale=?,foyer_id_foyer=?,nom_universite=? where id_universite=?
2024-11-12 12:54:52 INFO  UniversiteService:39 - Updating university with ID: 4
Hibernate: select u1_0.id_universite,u1_0.adresse,u1_0.capacite_maximale,f1_0.id_foyer,b1_0.foyer_id_foyer,b1_0.id_bloc,b1_0.capacite_bloc,b1_0.nom_bloc,f1_0.capacite_foyer,f1_0.nom_foyer,u1_0.nom_universite from universite u1_0 left join foyer f1_0 on f1_0.id_foyer=u1_0.foyer_id_foyer left join bloc b1_0 on f1_0.id_foyer=b1_0.foyer_id_foyer where u1_0.id_universite=?
]]></system-out>
  </testcase>
  <testcase name="testRetrieveAllUniversities" classname="tn.esprit.tpfoyer17.UniversiteServiceTest" time="0.035">
    <system-out><![CDATA[Hibernate: select u1_0.id_universite,u1_0.adresse,u1_0.capacite_maximale,u1_0.foyer_id_foyer,u1_0.nom_universite from universite u1_0
Hibernate: select f1_0.id_foyer,f1_0.capacite_foyer,f1_0.nom_foyer,u1_0.id_universite,u1_0.adresse,u1_0.capacite_maximale,u1_0.nom_universite from foyer f1_0 left join universite u1_0 on f1_0.id_foyer=u1_0.foyer_id_foyer where f1_0.id_foyer=?
Hibernate: delete from universite where id_universite=?
2024-11-12 12:54:52 INFO  UniversiteService:33 - Adding a new university: Université A
Hibernate: insert into universite (adresse,capacite_maximale,foyer_id_foyer,nom_universite,id_universite) values (?,?,?,?,default)
2024-11-12 12:54:52 INFO  UniversiteService:33 - Adding a new university: Université B
Hibernate: insert into universite (adresse,capacite_maximale,foyer_id_foyer,nom_universite,id_universite) values (?,?,?,?,default)
Hibernate: select u1_0.id_universite,u1_0.adresse,u1_0.capacite_maximale,u1_0.foyer_id_foyer,u1_0.nom_universite from universite u1_0
Hibernate: select u1_0.id_universite,u1_0.adresse,u1_0.capacite_maximale,f1_0.id_foyer,f1_0.capacite_foyer,f1_0.nom_foyer,u1_0.nom_universite from universite u1_0 left join foyer f1_0 on f1_0.id_foyer=u1_0.foyer_id_foyer where u1_0.id_universite=?
Hibernate: select u1_0.id_universite,u1_0.adresse,u1_0.capacite_maximale,f1_0.id_foyer,f1_0.capacite_foyer,f1_0.nom_foyer,u1_0.nom_universite from universite u1_0 left join foyer f1_0 on f1_0.id_foyer=u1_0.foyer_id_foyer where u1_0.id_universite=?
]]></system-out>
  </testcase>
  <testcase name="testAddUniversity" classname="tn.esprit.tpfoyer17.UniversiteServiceTest" time="0.023">
    <system-out><![CDATA[Hibernate: select u1_0.id_universite,u1_0.adresse,u1_0.capacite_maximale,u1_0.foyer_id_foyer,u1_0.nom_universite from universite u1_0
Hibernate: delete from universite where id_universite=?
Hibernate: delete from universite where id_universite=?
2024-11-12 12:54:52 INFO  UniversiteService:33 - Adding a new university: Université Test
Hibernate: insert into universite (adresse,capacite_maximale,foyer_id_foyer,nom_universite,id_universite) values (?,?,?,?,default)
Hibernate: select u1_0.id_universite,u1_0.adresse,u1_0.capacite_maximale,f1_0.id_foyer,f1_0.capacite_foyer,f1_0.nom_foyer,u1_0.nom_universite from universite u1_0 left join foyer f1_0 on f1_0.id_foyer=u1_0.foyer_id_foyer where u1_0.id_universite=?
]]></system-out>
  </testcase>
</testsuite>